<?xml version="1.0" encoding="UTF-8"?>
<testsuite name="Scenario: Add Inventory" tests="5" skipped="1" failures="2" errors="0" timestamp="2023-04-12T13:59:10" hostname="DESKTOP-RB5FFH9" time="0.005">
  <properties/>
  <testcase name="Given an empty recipe book" classname="Scenario: Add Inventory" time="0.0"/>
  <testcase name="When user add inventory" classname="Scenario: Add Inventory" time="0.0"/>
  <testcase name="Then status message &quot;OK&quot; should appear" classname="Scenario: Add Inventory" time="0.0">
    <failure message="org.junit.ComparisonFailure: expected:&lt;O[K]&gt; but was:&lt;O[UT_OF_RANGE]&gt;" type="org.junit.ComparisonFailure">org.junit.ComparisonFailure: expected:&lt;O[K]&gt; but was:&lt;O[UT_OF_RANGE]&gt;
	at org.junit.Assert.assertEquals(Assert.java:115)
	at org.junit.Assert.assertEquals(Assert.java:144)
	at edu.ncsu.csc326.coffeemaker.TestSteps.status_message_should_appear(TestSteps.java:160)
	at ✽.Then status message &quot;OK&quot; should appear(edu/ncsu/csc326/coffeemaker/CoffeeMaker.feature:173)
</failure>
  </testcase>
  <testcase name="And mode is &quot;WAITING&quot;" classname="Scenario: Add Inventory" time="0.0">
    <skipped/>
  </testcase>
  <testcase name="classMethod" classname="Scenario: Add Inventory" time="0.005">
    <failure message="org.junit.ComparisonFailure: expected:&lt;O[K]&gt; but was:&lt;O[UT_OF_RANGE]&gt;" type="org.junit.ComparisonFailure">org.junit.ComparisonFailure: expected:&lt;O[K]&gt; but was:&lt;O[UT_OF_RANGE]&gt;
	at org.junit.Assert.assertEquals(Assert.java:115)
	at org.junit.Assert.assertEquals(Assert.java:144)
	at edu.ncsu.csc326.coffeemaker.TestSteps.status_message_should_appear(TestSteps.java:160)
	at ✽.Then status message &quot;OK&quot; should appear(edu/ncsu/csc326/coffeemaker/CoffeeMaker.feature:173)
</failure>
  </testcase>
  <system-out><![CDATA[]]></system-out>
  <system-err><![CDATA[]]></system-err>
</testsuite>
